Build started 21.9.2016 0.21.17.
     1>Project "C:\Users\lexer\Source\Repos\TinyWorld\FractalNoise3DTest\FractalNoise3DTest.vcxproj" on node 2 (Build target(s)).
     1>Link:
         D:\Programs\Microsoft Visual Studio 12.0\VC\bin\x86_amd64\link.exe /ERRORREPORT:PROMPT /OUT:"C:\Users\lexer\Source\Repos\TinyWorld\x64\Debug\FractalNoise3DTest.exe" /INCREMENTAL /NOLOGO TinyWorldCore.lib kernel32.lib user32.lib gdi32.lib winspool.lib comdlg32.lib advapi32.lib shell32.lib ole32.lib oleaut32.lib uuid.lib odbc32.lib odbccp32.lib kernel32.lib user32.lib gdi32.lib winspool.lib comdlg32.lib advapi32.lib shell32.lib ole32.lib oleaut32.lib uuid.lib odbc32.lib odbccp32.lib /MANIFEST /MANIFESTUAC:"level='asInvoker' uiAccess='false'" /manifest:embed /DEBUG /PDB:"C:\Users\lexer\Source\Repos\TinyWorld\x64\Debug\FractalNoise3DTest.pdb" /SUBSYSTEM:CONSOLE /TLBID:1 /DYNAMICBASE /NXCOMPAT /IMPLIB:"C:\Users\lexer\Source\Repos\TinyWorld\x64\Debug\FractalNoise3DTest.lib" /MACHINE:X64 x64\Debug\main.obj
     1>LINK : fatal error LNK1104: cannot open file 'TinyWorldCore.lib'
     1>Done Building Project "C:\Users\lexer\Source\Repos\TinyWorld\FractalNoise3DTest\FractalNoise3DTest.vcxproj" (Build target(s)) -- FAILED.

Build FAILED.

Time Elapsed 00:00:00.08
